#
# There is insufficient memory for the Java Runtime Environment to continue.
# Native memory allocation (mmap) failed to map 257949696 bytes for G1 virtual space
# Possible reasons:
#   The system is out of physical RAM or swap space
#   The process is running with CompressedOops enabled, and the Java Heap may be blocking the growth of the native heap
# Possible solutions:
#   Reduce memory load on the system
#   Increase physical memory or swap space
#   Check if swap backing store is full
#   Decrease Java heap size (-Xmx/-Xms)
#   Decrease number of Java threads
#   Decrease Java thread stack sizes (-Xss)
#   Set larger code cache with -XX:ReservedCodeCacheSize=
#   JVM is running with Zero Based Compressed Oops mode in which the Java heap is
#     placed in the first 32GB address space. The Java Heap base address is the
#     maximum limit for the native heap growth. Please use -XX:HeapBaseMinAddress
#     to set the Java Heap base and to place the Java Heap above 32GB virtual address.
# This output file may be truncated or incomplete.
#
#  Out of Memory Error (os_windows.cpp:3613), pid=15288, tid=23788
#
# JRE version:  (17.0.9+8) (build )
# Java VM: OpenJDK 64-Bit Server VM (17.0.9+8-LTS, mixed mode, sharing, tiered, compressed oops, compressed class ptrs, g1 gc, windows-amd64)
# No core dump will be written. Minidumps are not enabled by default on client versions of Windows
#

---------------  S U M M A R Y ------------

Command Line: -Dcompose.application.configure.swing.globals=true -Dcompose.application.resources.dir=C:\Programming\Notes\build\compose\tmp\prepareAppResources -Dfile.encoding=UTF-8 -Duser.country=US -Duser.language=en -Duser.variant MainKt

Host: AMD Ryzen 5 4600H with Radeon Graphics         , 12 cores, 15G,  Windows 11 , 64 bit Build 22621 (10.0.22621.4974)
Time: Thu Mar 20 10:30:20 2025 W. Europe Standard Time elapsed time: 0.017395 seconds (0d 0h 0m 0s)

---------------  T H R E A D  ---------------

Current thread (0x000002a3eceb2c30):  JavaThread "Unknown thread" [_thread_in_vm, id=23788, stack(0x000000c754b00000,0x000000c754c00000)]

Stack: [0x000000c754b00000,0x000000c754c00000]
Native frames: (J=compiled Java code, j=interpreted, Vv=VM code, C=native code)
V  [jvm.dll+0x67cb49]
V  [jvm.dll+0x8344da]
V  [jvm.dll+0x835f9e]
V  [jvm.dll+0x836603]
V  [jvm.dll+0x247b5f]
V  [jvm.dll+0x679969]
V  [jvm.dll+0x66e2ba]
V  [jvm.dll+0x307a5b]
V  [jvm.dll+0x30ef06]
V  [jvm.dll+0x35ecee]
V  [jvm.dll+0x35ef1f]
V  [jvm.dll+0x2de658]
V  [jvm.dll+0x2df5c4]
V  [jvm.dll+0x805d51]
V  [jvm.dll+0x36cb51]
V  [jvm.dll+0x7e47dc]
V  [jvm.dll+0x3f03cf]
V  [jvm.dll+0x3f2001]
C  [jli.dll+0x528f]
C  [ucrtbase.dll+0x29333]
C  [KERNEL32.DLL+0x1259d]
C  [ntdll.dll+0x5af38]


---------------  P R O C E S S  ---------------

Threads class SMR info:
_java_thread_list=0x00007ffc757bee98, length=0, elements={
}

Java Threads: ( => current thread )

Other Threads:
  0x000002a3ecf1c5e0 GCTaskThread "GC Thread#0" [stack: 0x000000c754c00000,0x000000c754d00000] [id=4516]
  0x000002a3ecf2db40 ConcurrentGCThread "G1 Main Marker" [stack: 0x000000c754d00000,0x000000c754e00000] [id=18272]
  0x000002a3ecf2e560 ConcurrentGCThread "G1 Conc#0" [stack: 0x000000c754e00000,0x000000c754f00000] [id=23948]

[error occurred during error reporting (printing all threads), id 0xc0000005, EXCEPTION_ACCESS_VIOLATION (0xc0000005) at pc=0x00007ffc74f7f097]

VM state: not at safepoint (not fully initialized)

VM Mutex/Monitor currently owned by a thread:  ([mutex/lock_event])
[0x000002a3eceae010] Heap_lock - owner thread: 0x000002a3eceb2c30

Heap address: 0x000000070a000000, size: 3936 MB, Compressed Oops mode: Zero based, Oop shift amount: 3

CDS archive(s) mapped at: [0x0000000000000000-0x0000000000000000-0x0000000000000000), size 0, SharedBaseAddress: 0x0000000800000000, ArchiveRelocationMode: 1.
Narrow klass base: 0x0000000000000000, Narrow klass shift: 0, Narrow klass range: 0x0

GC Precious Log:
<Empty>

Heap:
 garbage-first heap   total 0K, used 0K [0x000000070a000000, 0x0000000800000000)
  region size 2048K, 0 young (0K), 0 survivors (0K)

[error occurred during error reporting (printing heap information), id 0xc0000005, EXCEPTION_ACCESS_VIOLATION (0xc0000005) at pc=0x00007ffc753668f9]

GC Heap History (0 events):
No events

Dll operation events (1 events):
Event: 0.005 Loaded shared library C:\Users\busi4\.jdks\corretto-17.0.9\bin\java.dll

Deoptimization events (0 events):
No events

Classes unloaded (0 events):
No events

Classes redefined (0 events):
No events

Internal exceptions (0 events):
No events

VM Operations (0 events):
No events

Events (0 events):
No events


Dynamic libraries:
0x00007ff676010000 - 0x00007ff67601e000 	C:\Users\busi4\.jdks\corretto-17.0.9\bin\java.exe
0x00007ffcf9d90000 - 0x00007ffcf9fa7000 	C:\WINDOWS\SYSTEM32\ntdll.dll
0x00007ffcf8c10000 - 0x00007ffcf8cd4000 	C:\WINDOWS\System32\KERNEL32.DLL
0x00007ffcf6ea0000 - 0x00007ffcf7271000 	C:\WINDOWS\System32\KERNELBASE.dll
0x00007ffcf73c0000 - 0x00007ffcf74d1000 	C:\WINDOWS\System32\ucrtbase.dll
0x00007ffce3930000 - 0x00007ffce3947000 	C:\Users\busi4\.jdks\corretto-17.0.9\bin\jli.dll
0x00007ffce3d00000 - 0x00007ffce3d1b000 	C:\Users\busi4\.jdks\corretto-17.0.9\bin\VCRUNTIME140.dll
0x00007ffcf7bc0000 - 0x00007ffcf7d71000 	C:\WINDOWS\System32\USER32.dll
0x00007ffcdc300000 - 0x00007ffcdc592000 	C:\WINDOWS\WinSxS\amd64_microsoft.windows.common-controls_6595b64144ccf1df_6.0.22621.4830_none_270fe7d773858e80\COMCTL32.dll
0x00007ffcf7950000 - 0x00007ffcf7976000 	C:\WINDOWS\System32\win32u.dll
0x00007ffcf8ce0000 - 0x00007ffcf8d87000 	C:\WINDOWS\System32\msvcrt.dll
0x00007ffcf7a30000 - 0x00007ffcf7a59000 	C:\WINDOWS\System32\GDI32.dll
0x00007ffcf76d0000 - 0x00007ffcf77eb000 	C:\WINDOWS\System32\gdi32full.dll
0x00007ffcf78b0000 - 0x00007ffcf794a000 	C:\WINDOWS\System32\msvcp_win.dll
0x00007ffcf9840000 - 0x00007ffcf9871000 	C:\WINDOWS\System32\IMM32.DLL
0x00007ffce9b30000 - 0x00007ffce9b3c000 	C:\Users\busi4\.jdks\corretto-17.0.9\bin\vcruntime140_1.dll
0x00007ffca5830000 - 0x00007ffca58bd000 	C:\Users\busi4\.jdks\corretto-17.0.9\bin\msvcp140.dll
0x00007ffc74c90000 - 0x00007ffc758f1000 	C:\Users\busi4\.jdks\corretto-17.0.9\bin\server\jvm.dll
0x00007ffcf8b50000 - 0x00007ffcf8c01000 	C:\WINDOWS\System32\ADVAPI32.dll
0x00007ffcf8da0000 - 0x00007ffcf8e47000 	C:\WINDOWS\System32\sechost.dll
0x00007ffcf7a00000 - 0x00007ffcf7a28000 	C:\WINDOWS\System32\bcrypt.dll
0x00007ffcf8e50000 - 0x00007ffcf8f64000 	C:\WINDOWS\System32\RPCRT4.dll
0x00007ffcf6bc0000 - 0x00007ffcf6c0d000 	C:\WINDOWS\SYSTEM32\POWRPROF.dll
0x00007ffcf3b20000 - 0x00007ffcf3b54000 	C:\WINDOWS\SYSTEM32\WINMM.dll
0x00007ffcecb30000 - 0x00007ffcecb3a000 	C:\WINDOWS\SYSTEM32\VERSION.dll
0x00007ffce7980000 - 0x00007ffce7989000 	C:\WINDOWS\SYSTEM32\WSOCK32.dll
0x00007ffcf9650000 - 0x00007ffcf96c1000 	C:\WINDOWS\System32\WS2_32.dll
0x00007ffcf6ba0000 - 0x00007ffcf6bb3000 	C:\WINDOWS\SYSTEM32\UMPDC.dll
0x00007ffcf5e60000 - 0x00007ffcf5e78000 	C:\WINDOWS\SYSTEM32\kernel.appcore.dll
0x00007ffce3850000 - 0x00007ffce385a000 	C:\Users\busi4\.jdks\corretto-17.0.9\bin\jimage.dll
0x00007ffcf47e0000 - 0x00007ffcf4a12000 	C:\WINDOWS\SYSTEM32\DBGHELP.DLL
0x00007ffcf92c0000 - 0x00007ffcf9650000 	C:\WINDOWS\System32\combase.dll
0x00007ffcf7ae0000 - 0x00007ffcf7bb7000 	C:\WINDOWS\System32\OLEAUT32.dll
0x00007ffcd1fb0000 - 0x00007ffcd1fe2000 	C:\WINDOWS\SYSTEM32\dbgcore.DLL
0x00007ffcf7980000 - 0x00007ffcf79fb000 	C:\WINDOWS\System32\bcryptPrimitives.dll
0x00007ffccedd0000 - 0x00007ffccedf5000 	C:\Users\busi4\.jdks\corretto-17.0.9\bin\java.dll

dbghelp: loaded successfully - version: 4.0.5 - missing functions: none
symbol engine: initialized successfully - sym options: 0x614 - pdb path: .;C:\Users\busi4\.jdks\corretto-17.0.9\bin;C:\WINDOWS\SYSTEM32;C:\WINDOWS\WinSxS\amd64_microsoft.windows.common-controls_6595b64144ccf1df_6.0.22621.4830_none_270fe7d773858e80;C:\Users\busi4\.jdks\corretto-17.0.9\bin\server

VM Arguments:
jvm_args: -Dcompose.application.configure.swing.globals=true -Dcompose.application.resources.dir=C:\Programming\Notes\build\compose\tmp\prepareAppResources -Dfile.encoding=UTF-8 -Duser.country=US -Duser.language=en -Duser.variant 
java_command: MainKt
java_class_path (initial): C:\Programming\Notes\build\libs\Notes-1.0-SNAPSHOT.jar;C:\Users\busi4\.gradle\caches\modules-2\files-2.1\org.jetbrains.compose.desktop\desktop-jvm\1.6.0\9504e3dc79eed5b8cf033d64858a8d455aaa863c\desktop-jvm-1.6.0.jar;C:\Users\busi4\.gradle\caches\modules-2\files-2.1\org.jetbrains.compose.material3\material3-desktop\1.6.0\156b0eb3cc7ac50606e03ce35612fc506802442a\material3-desktop-1.6.0.jar;C:\Users\busi4\.gradle\caches\modules-2\files-2.1\org.jetbrains.compose.material\material-desktop\1.6.0\736714317797522b18f79e3ffed6f354bfff56a7\material-desktop-1.6.0.jar;C:\Users\busi4\.gradle\caches\modules-2\files-2.1\org.jetbrains.compose.material\material-ripple-desktop\1.6.0\211b0740ee3291b32ee3ed9dc224f8b526fe5923\material-ripple-desktop-1.6.0.jar;C:\Users\busi4\.gradle\caches\modules-2\files-2.1\org.jetbrains.compose.foundation\foundation-desktop\1.6.0\756c9a1338e9a9171828b34a3dc972725db24398\foundation-desktop-1.6.0.jar;C:\Users\busi4\.gradle\caches\modules-2\files-2.1\org.jetbrains.compose.animation\animation-desktop\1.6.0\fe4fa2463b8c88ca8afd4479caa4ecdc915dedec\animation-desktop-1.6.0.jar;C:\Users\busi4\.gradle\caches\modules-2\files-2.1\org.jetbrains.compose.animation\animation-core-desktop\1.6.0\35efc44ccd317fd3fd9b478088179f8b81aec998\animation-core-desktop-1.6.0.jar;C:\Users\busi4\.gradle\caches\modules-2\files-2.1\org.jetbrains.compose.foundation\foundation-layout-desktop\1.6.0\97efe3b924f6fe8ae4522944c07443ad577b51f8\foundation-layout-desktop-1.6.0.jar;C:\Users\busi4\.gradle\caches\modules-2\files-2.1\org.jetbrains.compose.material\material-icons-core-desktop\1.6.0\47e99680d4e5f234dc4514fd12fec4daf1af4597\material-icons-core-desktop-1.6.0.jar;C:\Users\busi4\.gradle\caches\modules-2\files-2.1\org.jetbrains.compose.ui\ui-desktop\1.6.0\f7da60186a783294c20b51d37f75b8dbc63816db\ui-desktop-1.6.0.jar;C:\Users\busi4\.gradle\caches\modules-2\files-2.1\org.jetbrains.compose.ui\ui-text-desktop\1.6.0\b071cebabf111f6aea77e4fd5df850ee84ac670e\ui-tex
Launcher Type: SUN_STANDARD

[Global flags]
     intx CICompilerCount                          = 4                                         {product} {ergonomic}
     uint ConcGCThreads                            = 3                                         {product} {ergonomic}
     uint G1ConcRefinementThreads                  = 10                                        {product} {ergonomic}
   size_t G1HeapRegionSize                         = 2097152                                   {product} {ergonomic}
    uintx GCDrainStackTargetSize                   = 64                                        {product} {ergonomic}
   size_t InitialHeapSize                          = 257949696                                 {product} {ergonomic}
   size_t MarkStackSize                            = 4194304                                   {product} {ergonomic}
   size_t MaxHeapSize                              = 4127195136                                {product} {ergonomic}
   size_t MinHeapDeltaBytes                        = 2097152                                   {product} {ergonomic}
   size_t MinHeapSize                              = 8388608                                   {product} {ergonomic}
    uintx NonNMethodCodeHeapSize                   = 5839372                                {pd product} {ergonomic}
    uintx NonProfiledCodeHeapSize                  = 122909434                              {pd product} {ergonomic}
    uintx ProfiledCodeHeapSize                     = 122909434                              {pd product} {ergonomic}
    uintx ReservedCodeCacheSize                    = 251658240                              {pd product} {ergonomic}
     bool SegmentedCodeCache                       = true                                      {product} {ergonomic}
   size_t SoftMaxHeapSize                          = 4127195136                             {manageable} {ergonomic}
     bool UseCompressedClassPointers               = true                           {product lp64_product} {ergonomic}
     bool UseCompressedOops                        = true                           {product lp64_product} {ergonomic}
     bool UseG1GC                                  = true                                      {product} {ergonomic}
     bool UseLargePagesIndividualAllocation        = false                                  {pd product} {ergonomic}

Logging:
Log output configuration:
 #0: stdout all=warning uptime,level,tags
 #1: stderr all=off uptime,level,tags

Environment Variables:
PATH=C:\Program Files (x86)\Common Files\Oracle\Java\javapath;C:\WINDOWS\system32;C:\WINDOWS;C:\WINDOWS\System32\Wbem;C:\WINDOWS\System32\WindowsPowerShell\v1.0\;C:\WINDOWS\System32\OpenSSH\;C:\Program Files\dotnet\;C:\Program Files\Docker\Docker\resources\bin;C:\Program Files\Calibre2\;c:\Users\busi4\AppData\Local\Programs\cursor\resources\app\bin;C:\Users\busi4\AppData\Local\Microsoft\WindowsApps;C:\Users\busi4\AppData\Local\Programs\Microsoft VS Code\bin;C:\Program Files\JetBrains\IntelliJ IDEA Community Edition 2023.2.1\bin;C:\Users\busi4\AppData\Local\JetBrains\Toolbox\scripts;C:\Users\busi4\AppData\Local\GitHubDesktop\bin;C:\Users\busi4\AppData\Local\Programs\cursor\resources\app\bin
USERNAME=busi4
OS=Windows_NT
PROCESSOR_IDENTIFIER=AMD64 Family 23 Model 96 Stepping 1, AuthenticAMD
TMP=C:\Users\busi4\AppData\Local\Temp
TEMP=C:\Users\busi4\AppData\Local\Temp



Periodic native trim disabled


---------------  S Y S T E M  ---------------

OS:
 Windows 11 , 64 bit Build 22621 (10.0.22621.4974)
OS uptime: 0 days 2:49 hours
Hyper-V role detected

CPU: total 12 (initial active 12) (12 cores per cpu, 2 threads per core) family 23 model 96 stepping 1 microcode 0x0, cx8, cmov, fxsr, ht, mmx, 3dnowpref, sse, sse2, sse3, ssse3, sse4a, sse4.1, sse4.2, popcnt, lzcnt, tsc, tscinvbit, avx, avx2, aes, clmul, bmi1, bmi2, adx, sha, fma, vzeroupper, clflush, clflushopt, hv
Processor Information for all 12 processors :
  Max Mhz: 3000, Current Mhz: 3000, Mhz Limit: 3000

Memory: 4k page, system-wide physical 15741M (1949M free)
TotalPageFile size 15741M (AvailPageFile size 106M)
current process WorkingSet (physical memory assigned to process): 11M, peak: 11M
current process commit charge ("private bytes"): 64M, peak: 310M

vm_info: OpenJDK 64-Bit Server VM (17.0.9+8-LTS) for windows-amd64 JRE (17.0.9+8-LTS), built on Oct 12 2023 16:15:33 by "Administrator" with MS VC++ 16.10 / 16.11 (VS2019)

END.
